<?xml version="1.0" encoding="UTF-8"?>
<testsuite xmlns:xsi="http://www.w3.org/2001/XMLSchema-instance" xsi:noNamespaceSchemaLocation="https://maven.apache.org/surefire/maven-surefire-plugin/xsd/surefire-test-report.xsd" name="pages.MainPageTest" time="2.142" tests="21" errors="0" skipped="19" failures="2">
  <properties>
[...]
</properties>
  <testcase name="setUp" classname="pages.MainPageTest" time="1.895">
    <failure message="Unable to create new service: ChromeDriverService&#10;Build info: version: &apos;3.7.1&apos;, revision: &apos;8a0099a&apos;, time: &apos;2017-11-06T21:07:36.161Z&apos;&#10;System info: host: &apos;WIN-QRB1M2V16K0&apos;, ip: &apos;192.168.100.8&apos;, os.name: &apos;Windows 10&apos;, os.arch: &apos;amd64&apos;, os.version: &apos;10.0&apos;, java.version: &apos;1.8.0_181&apos;&#10;Driver info: driver.version: unknown&#10;Command duration or timeout: 548 milliseconds" type="org.openqa.selenium.SessionNotCreatedException">org.openqa.selenium.SessionNotCreatedException: 
Unable to create new service: ChromeDriverService
Build info: version: '3.7.1', revision: '8a0099a', time: '2017-11-06T21:07:36.161Z'
System info: host: 'WIN-QRB1M2V16K0', ip: '192.168.100.8', os.name: 'Windows 10', os.arch: 'amd64', os.version: '10.0', java.version: '1.8.0_181'
Driver info: driver.version: unknown
Command duration or timeout: 548 milliseconds
	at pages.MainPageTest.setUp(MainPageTest.java:30)
Caused by: org.openqa.selenium.SessionNotCreatedException: 
Unable to create new service: ChromeDriverService
Build info: version: '3.7.1', revision: '8a0099a', time: '2017-11-06T21:07:36.161Z'
System info: host: 'WIN-QRB1M2V16K0', ip: '192.168.100.8', os.name: 'Windows 10', os.arch: 'amd64', os.version: '10.0', java.version: '1.8.0_181'
Driver info: driver.version: unknown
Build info: version: '3.13.0', revision: '2f0d292', time: '2018-06-25T15:24:21.231Z'
System info: host: 'WIN-QRB1M2V16K0', ip: '192.168.100.8', os.name: 'Windows 10', os.arch: 'amd64', os.version: '10.0', java.version: '1.8.0_181'
Driver info: driver.version: unknown
</failure>
    <system-err><![CDATA[Dec 02, 2018 12:09:47 AM org.openqa.selenium.remote.DesiredCapabilities chrome
INFO: Using `new ChromeOptions()` is preferred to `DesiredCapabilities.chrome()`
Dec 02, 2018 12:09:47 AM org.openqa.selenium.remote.DesiredCapabilities chrome
INFO: Using `new ChromeOptions()` is preferred to `DesiredCapabilities.chrome()`
]]></system-err>
  </testcase>
  <testcase name="setUp" classname="pages.MainPageTest" time="1.895">
    <failure message="Unable to create new service: ChromeDriverService&#10;Build info: version: &apos;3.7.1&apos;, revision: &apos;8a0099a&apos;, time: &apos;2017-11-06T21:07:36.161Z&apos;&#10;System info: host: &apos;WIN-QRB1M2V16K0&apos;, ip: &apos;192.168.100.8&apos;, os.name: &apos;Windows 10&apos;, os.arch: &apos;amd64&apos;, os.version: &apos;10.0&apos;, java.version: &apos;1.8.0_181&apos;&#10;Driver info: driver.version: unknown&#10;Command duration or timeout: 548 milliseconds" type="org.openqa.selenium.SessionNotCreatedException">org.openqa.selenium.SessionNotCreatedException: 
Unable to create new service: ChromeDriverService
Build info: version: '3.7.1', revision: '8a0099a', time: '2017-11-06T21:07:36.161Z'
System info: host: 'WIN-QRB1M2V16K0', ip: '192.168.100.8', os.name: 'Windows 10', os.arch: 'amd64', os.version: '10.0', java.version: '1.8.0_181'
Driver info: driver.version: unknown
Command duration or timeout: 548 milliseconds
	at pages.MainPageTest.setUp(MainPageTest.java:30)
Caused by: org.openqa.selenium.SessionNotCreatedException: 
Unable to create new service: ChromeDriverService
Build info: version: '3.7.1', revision: '8a0099a', time: '2017-11-06T21:07:36.161Z'
System info: host: 'WIN-QRB1M2V16K0', ip: '192.168.100.8', os.name: 'Windows 10', os.arch: 'amd64', os.version: '10.0', java.version: '1.8.0_181'
Driver info: driver.version: unknown
Build info: version: '3.13.0', revision: '2f0d292', time: '2018-06-25T15:24:21.231Z'
System info: host: 'WIN-QRB1M2V16K0', ip: '192.168.100.8', os.name: 'Windows 10', os.arch: 'amd64', os.version: '10.0', java.version: '1.8.0_181'
Driver info: driver.version: unknown
</failure>
  </testcase>
  <testcase name="setUp" classname="pages.MainPageTest" time="0">
    <skipped/>
  </testcase>
  <testcase name="setUp" classname="pages.MainPageTest" time="0">
    <skipped/>
  </testcase>
  <testcase name="setUp" classname="pages.MainPageTest" time="0">
    <skipped/>
  </testcase>
  <testcase name="setUp" classname="pages.MainPageTest" time="0">
    <skipped/>
  </testcase>
  <testcase name="setUp" classname="pages.MainPageTest" time="0">
    <skipped/>
  </testcase>
  <testcase name="findHotelWithMarkNotLessThen9" classname="pages.MainPageTest" time="0">
    <skipped message="Unable to create new service: ChromeDriverService&#10;Build info: version: &apos;3.7.1&apos;, revision: &apos;8a0099a&apos;, time: &apos;2017-11-06T21:07:36.161Z&apos;&#10;System info: host: &apos;WIN-QRB1M2V16K0&apos;, ip: &apos;192.168.100.8&apos;, os.name: &apos;Windows 10&apos;, os.arch: &apos;amd64&apos;, os.version: &apos;10.0&apos;, java.version: &apos;1.8.0_181&apos;&#10;Driver info: driver.version: unknown&#10;Command duration or timeout: 548 milliseconds"/>
  </testcase>
  <testcase name="tearDown" classname="pages.MainPageTest" time="0">
    <skipped/>
  </testcase>
  <testcase name="tearDown" classname="pages.MainPageTest" time="0">
    <skipped/>
  </testcase>
  <testcase name="tearDown" classname="pages.MainPageTest" time="0">
    <skipped/>
  </testcase>
  <testcase name="tearDown" classname="pages.MainPageTest" time="0">
    <skipped/>
  </testcase>
  <testcase name="tearDown" classname="pages.MainPageTest" time="0">
    <skipped/>
  </testcase>
  <testcase name="tearDown" classname="pages.MainPageTest" time="0">
    <skipped/>
  </testcase>
  <testcase name="tearDown" classname="pages.MainPageTest" time="0">
    <skipped/>
  </testcase>
  <testcase name="errorMessage" classname="pages.MainPageTest" time="0">
    <skipped message="Unable to create new service: ChromeDriverService&#10;Build info: version: &apos;3.7.1&apos;, revision: &apos;8a0099a&apos;, time: &apos;2017-11-06T21:07:36.161Z&apos;&#10;System info: host: &apos;WIN-QRB1M2V16K0&apos;, ip: &apos;192.168.100.8&apos;, os.name: &apos;Windows 10&apos;, os.arch: &apos;amd64&apos;, os.version: &apos;10.0&apos;, java.version: &apos;1.8.0_181&apos;&#10;Driver info: driver.version: unknown&#10;Command duration or timeout: 548 milliseconds"/>
  </testcase>
  <testcase name="findReservationWithoutCreditCardInCityInTheNearestWeekend" classname="pages.MainPageTest" time="0">
    <skipped message="Unable to create new service: ChromeDriverService&#10;Build info: version: &apos;3.7.1&apos;, revision: &apos;8a0099a&apos;, time: &apos;2017-11-06T21:07:36.161Z&apos;&#10;System info: host: &apos;WIN-QRB1M2V16K0&apos;, ip: &apos;192.168.100.8&apos;, os.name: &apos;Windows 10&apos;, os.arch: &apos;amd64&apos;, os.version: &apos;10.0&apos;, java.version: &apos;1.8.0_181&apos;&#10;Driver info: driver.version: unknown&#10;Command duration or timeout: 548 milliseconds"/>
  </testcase>
  <testcase name="findNumberWithSquareNotLessThen50" classname="pages.MainPageTest" time="0">
    <skipped message="Unable to create new service: ChromeDriverService&#10;Build info: version: &apos;3.7.1&apos;, revision: &apos;8a0099a&apos;, time: &apos;2017-11-06T21:07:36.161Z&apos;&#10;System info: host: &apos;WIN-QRB1M2V16K0&apos;, ip: &apos;192.168.100.8&apos;, os.name: &apos;Windows 10&apos;, os.arch: &apos;amd64&apos;, os.version: &apos;10.0&apos;, java.version: &apos;1.8.0_181&apos;&#10;Driver info: driver.version: unknown&#10;Command duration or timeout: 548 milliseconds"/>
  </testcase>
  <testcase name="findThreeMoreNumbersInCityInTheNearestWeekend" classname="pages.MainPageTest" time="0">
    <skipped message="Unable to create new service: ChromeDriverService&#10;Build info: version: &apos;3.7.1&apos;, revision: &apos;8a0099a&apos;, time: &apos;2017-11-06T21:07:36.161Z&apos;&#10;System info: host: &apos;WIN-QRB1M2V16K0&apos;, ip: &apos;192.168.100.8&apos;, os.name: &apos;Windows 10&apos;, os.arch: &apos;amd64&apos;, os.version: &apos;10.0&apos;, java.version: &apos;1.8.0_181&apos;&#10;Driver info: driver.version: unknown&#10;Command duration or timeout: 548 milliseconds"/>
  </testcase>
  <testcase name="numberWithSquareNotLessThen50WithAirportShuttle" classname="pages.MainPageTest" time="0">
    <skipped message="Unable to create new service: ChromeDriverService&#10;Build info: version: &apos;3.7.1&apos;, revision: &apos;8a0099a&apos;, time: &apos;2017-11-06T21:07:36.161Z&apos;&#10;System info: host: &apos;WIN-QRB1M2V16K0&apos;, ip: &apos;192.168.100.8&apos;, os.name: &apos;Windows 10&apos;, os.arch: &apos;amd64&apos;, os.version: &apos;10.0&apos;, java.version: &apos;1.8.0_181&apos;&#10;Driver info: driver.version: unknown&#10;Command duration or timeout: 548 milliseconds"/>
  </testcase>
  <testcase name="numberWithSquareNotLessThen50WithWifi" classname="pages.MainPageTest" time="0">
    <skipped message="Unable to create new service: ChromeDriverService&#10;Build info: version: &apos;3.7.1&apos;, revision: &apos;8a0099a&apos;, time: &apos;2017-11-06T21:07:36.161Z&apos;&#10;System info: host: &apos;WIN-QRB1M2V16K0&apos;, ip: &apos;192.168.100.8&apos;, os.name: &apos;Windows 10&apos;, os.arch: &apos;amd64&apos;, os.version: &apos;10.0&apos;, java.version: &apos;1.8.0_181&apos;&#10;Driver info: driver.version: unknown&#10;Command duration or timeout: 548 milliseconds"/>
  </testcase>
</testsuite>